2022-05-05 16:08:15,877 - pyswarms.single.global_best - INFO - Optimize for 1000 iters with {'c1': 0.5, 'c2': 0.3, 'w': 0.9}
2022-05-05 16:08:38,145 - pyswarms.single.global_best - INFO - Optimization finished | best cost: 0.006695790972879928, best pos: [ 4.11274660e-01 -2.08269451e+00 -6.35015325e-01  7.67175157e-01
  3.64034584e+00  5.17528189e-02 -4.80591396e-01  4.26141287e-01
 -1.31053410e+00  2.05974884e-01 -4.83964382e-01  2.09637628e-01
 -1.20815741e-02 -4.45033885e-01  7.86122093e-01 -6.25638843e-01
 -2.94851122e+00  6.85355210e-01 -3.15901324e-01  1.72605850e+00
  6.87517749e-02  3.68552938e+00  7.55454036e-01  1.52546264e+00
 -1.86594775e-01 -8.94733126e-01 -1.47582263e+00  5.66482800e+00
  5.45558537e-01  1.22407888e+00 -9.10632405e-01  4.30066742e-01
  1.29409737e+00 -8.74347780e-01  1.41006919e+00  8.70597385e-01
 -4.12324174e-01  4.80662565e-01  1.27668507e+00 -1.01994753e+00
  3.82409587e-01 -1.98284008e+00  1.25413124e+00 -1.55549885e+00
 -5.14006597e-01  1.27768348e-01 -2.44711646e-02  1.11001601e+00
  7.78114673e-01 -8.91361958e-01  1.47347030e+00  7.80534097e-01
  1.85300218e+00  1.24926008e+00  1.23611612e+00  7.13425669e-01
 -1.28860476e+00  5.00384917e-01  3.55712269e-01 -1.25214659e+00
 -1.74777291e+00 -7.29339626e-01  1.15520495e-01 -2.02095248e+00
  1.45460949e+00  2.29533732e+00  1.45840521e+00 -7.15557529e-02
  3.44586204e-01  2.79514550e-01  4.53890746e-01  9.17625227e-01
  1.10021321e+00 -9.10819217e-02 -9.14366171e+00 -1.07435805e-01
  1.63404009e-01  1.75500003e-01  1.30819389e+00 -1.08054107e+00
  1.60395056e-01  1.46616819e+00 -6.36233958e-01  1.91451625e+00
 -2.07579240e-02 -2.03420724e-01  5.20339933e-01 -2.01548707e-02
  1.01457176e-01  6.50955261e-01  1.34633330e+00 -3.75909960e-01
  8.20926963e-01  1.44545568e+00  1.22918533e+00 -1.68383783e+00
  1.96853708e-01  1.24761684e+00 -1.25966109e+00  4.32504896e-01
  2.97974960e-01  7.69668595e-01  1.68333877e+00  1.54821785e+00
 -5.25480079e-01  4.98429062e-01 -2.65674617e+00  7.04674418e-01
 -2.97592332e-01  1.42491980e+00  7.54125166e-01 -1.00424598e+01
 -2.16188281e+00  3.35932589e-01 -4.26366902e-01 -1.30489158e-01
  1.26974437e+00  4.56395209e-02 -1.11275041e+00  5.31451410e-01
 -1.26002474e-01 -2.55335730e+00  1.04505459e-01 -2.57548150e+00
 -5.77597465e-01  6.92972939e+00  2.12654997e-01  1.31638072e+00
 -1.56109800e-02 -2.16190909e+01  1.17681312e-01  3.78555083e+00
  1.08453319e+00  2.35562693e+00  1.22124084e+00  1.55072076e+00
 -9.95297208e-02 -3.64658360e-01  3.27769398e-02 -1.26294856e+01
  8.28965666e-01  1.83135145e+00  1.13118761e+00  1.41773384e+00
 -1.14686412e+01  6.14857602e-01  6.57918374e-02  5.21108431e+01
  1.18284399e-01  9.01818096e+00  3.48702661e-01  2.75396000e-01
  3.12116165e+00 -1.39513291e+00  8.80855674e-01  1.85452586e-01
  9.24030894e-01 -1.25131360e-01  4.58541782e-02  2.97790383e+01
  9.99427653e-01  3.13844968e-01  1.13318782e+00]
2022-05-05 16:09:53,159 - pyswarms.single.global_best - INFO - Optimize for 1000 iters with {'c1': 0.5, 'c2': 0.3, 'w': 0.9}
2022-05-05 16:10:15,049 - pyswarms.single.global_best - INFO - Optimization finished | best cost: 0.002455491271240543, best pos: [ 6.24756341e-02 -3.97662122e-01  7.84592498e-01 -3.31707135e-01
  1.15818570e+00 -2.80770917e-02 -2.95412809e-01 -5.36783940e-01
 -1.08265498e-02  4.89632274e-01  1.00088724e+00  5.81906604e-01
  6.41616435e-01 -5.26003451e-01 -8.16520098e-01  1.17335909e-01
  4.13154287e+00 -2.92521198e-02 -8.86701277e-01 -4.89271895e-01
  1.95124975e+00 -1.09045011e-01  1.46782190e+00  3.58112988e-01
  1.30033995e-01 -2.39959200e+00 -1.40915645e+00 -5.51552701e-01
  6.77981532e-01 -1.07361638e+00  4.19122491e-01 -1.12703788e+00
 -2.60817992e-01 -7.27608347e-02  2.01255473e-01  2.69447284e-01
 -3.02606713e-01  3.33014187e-01  1.42589697e+00 -4.99561332e-01
  1.20511198e+00  8.62405331e-01 -9.74144970e-02  2.93121006e-01
  9.25887160e-02  1.16378117e+00  9.92754136e-01 -9.87122657e-01
 -8.90854382e-01 -4.82815976e-01 -3.15215451e-01  2.71089526e-01
  9.58504432e-01  9.25629188e-01  1.55565725e+00 -1.04359154e+00
  1.25036376e+00 -5.39890525e-01 -3.55754063e-01  6.78883789e+00
 -4.68515858e+00 -3.68126601e-02 -1.55308653e-01  8.36893551e-01
 -5.08243198e+00  1.32683244e+00 -6.58720430e-01  1.95795157e+00
 -3.53808091e-01 -2.43579979e-01 -1.03839768e+00  1.67593027e+00
 -1.64888717e+00  4.46613161e-01  3.15460028e+00 -9.68079295e-02
  7.40108196e-03  5.22097711e-01  2.41566703e-01 -1.58867461e+01
 -1.93058025e+00  8.90862481e-02 -1.00188007e+00 -1.97182260e+00
  9.93993841e-01 -2.51233761e-01  2.31560106e+00  9.19145707e-02
  2.41447144e+00 -2.00006550e-01  7.83372822e-01  1.98471350e+00
 -1.60979088e+00  1.06096925e-01 -2.22137818e+00  2.65088964e-01
  1.25417610e+00 -6.98938287e-01 -3.18894556e-01 -6.25344983e+00
  3.90362678e+00 -4.44711200e-01 -1.57400775e-01 -3.76799893e+01
  4.44582406e-01  3.18715289e+00  9.91071343e-01 -2.53049638e-01
 -1.84786932e+00 -9.22508168e-02 -1.03332399e+00  2.40948374e+00
 -2.88313825e-02  1.46454102e+00 -3.54484027e+00 -2.36593999e-01
  3.92455967e-01  3.56275856e+01 -9.56548061e-02  2.59711541e+01
 -1.02723129e-01  6.23794258e-01 -6.83720574e-01 -2.88914441e-01
  1.39427864e+00 -4.26689767e-01 -7.51528087e-01  7.62784737e-01
 -3.69731789e-01 -5.15374597e-02  1.37411485e-01  2.96138064e+00
  8.50725174e-02  9.22508752e-02 -3.35690169e-01  1.83308130e-01
  4.38756542e-02  7.65026296e-01 -1.86734088e-01  1.65482389e+00
 -5.58572025e-01  3.51966123e+00 -2.76853040e+00  1.91741689e+00
  7.32476869e-01 -5.82676111e-02 -6.39981213e-01  7.27343356e-01
  3.57191225e-01 -5.70998109e+00 -7.48870874e-01 -1.60344849e+00
 -4.79810399e-02 -4.85141523e-02  7.64699014e-02 -2.30161534e+00
  3.61004193e-03 -1.01912098e+00 -1.38699492e+01  7.93080627e-01
  1.23525440e+00  9.00472281e-01  5.39994935e-01]
2022-05-05 16:10:17,279 - pyswarms.single.global_best - INFO - Optimize for 1000 iters with {'c1': 2, 'c2': 2, 'w': 1}
2022-05-05 16:10:36,507 - pyswarms.single.global_best - INFO - Optimization finished | best cost: 0.4463542382541949, best pos: [ 0.50940605  1.61774269  2.92277001  0.88030191  0.30420511 -3.078538
  3.96951147  1.55535821  0.10928001 -0.29257198 -0.71863527  7.40779793
  1.41488141  0.77753074  0.33111734 -2.40114445  1.32280094  3.32454231
  0.33213953  1.53260985  0.51379462 -0.16168238 -0.2392519  -0.13334011
  1.94187358  0.81200193 -5.17846419 -0.77971743  1.4178568  -2.46343564
 -2.69409847 -0.10573815  2.75257548  1.15666992  0.66656513  2.13651007
  0.75887468 -0.38188563 -0.8612726   1.95549622  2.08281612 -3.02128199
  1.60002713  0.93527751 -0.12921393  0.93808141  3.43845889  1.23823702
  0.76217311  2.49575799 -5.4404031   0.8422667   5.58496194 -5.23254267
 -1.1645153   3.01517945  2.39232653 -1.44608137  1.6579646   2.24842226
 -0.38587675  2.83598912  0.30130067 -0.41625738  0.07045112  0.96521614
  1.41668618  0.19562265  1.72060735  1.69376874  0.70803643  2.77271044
  0.69101011  1.65589236  2.72830757  2.47401376  5.65023019  1.55559042
 -0.15753441  1.34516943 -0.07355723  0.75586809 -0.51182728  0.24213213
  0.61461003  0.83516491  1.18078144  1.46276255  0.5398297   2.33080644
  3.20753307  0.52893064 -4.42737854  3.72879304  1.20122714  1.43696969
 -1.91904489  1.38493568 -1.75968044  0.95814164  2.30754311 -0.30356245
 -1.42777534 -1.20740874  0.78099263 -1.41730524  1.90557856  3.87356614
  4.71274186 -0.40452111  2.51517843 -4.01262416  1.13666378  2.33298237
  0.69125401 -0.09343187  1.33132346  0.3861314  -0.11780774  2.87761533
  0.08516111  1.3703045   1.09090399 -0.85779208 -0.62393482 -3.34147899
  1.60627098  1.48181764 -1.49124259  1.91138834  1.02864995  1.25001045
  1.31636105  0.68120871  0.0925908  -1.20642714  0.74910766 -0.03559167
  1.39524514  8.00315083  0.88392254 -0.34303675  0.70782812  0.42327289
  0.09367582  0.17135294  0.9389438   1.51978012  1.94042372  1.07985403
  0.69139385  2.08981376  0.7352996   2.77283803  0.24216623  0.45906369
 -0.83489597  0.43439456 -0.41299531 -0.58446712 -1.87018835 -1.27066231
  0.73155661]
2022-05-05 16:10:41,708 - pyswarms.single.global_best - INFO - Optimize for 1000 iters with {'c1': 2, 'c2': 2, 'w': 1}
2022-05-05 16:11:05,289 - pyswarms.single.global_best - INFO - Optimization finished | best cost: 0.5965458783710194, best pos: [ 3.21626472e-01  1.61724854e-01 -7.00023648e-01  4.93126306e+00
 -2.42870958e+00  1.03191462e+00  1.73065787e-01 -1.30671180e+00
 -1.43670340e+00 -1.14442495e+00  4.56346793e-01 -3.16677315e-01
  2.80353817e-02  2.90210491e-01  1.36483282e+00  4.11623439e-01
 -4.21067850e+00 -2.73626680e-02  2.13315810e-01  1.64420877e+00
  8.54780937e-01  1.23069641e+00 -2.77354024e+00  4.29566344e+00
  1.20092933e+00  7.49065948e-01  1.06595121e+00  2.63998216e-01
  1.30072613e+00  1.98256886e+00 -4.81806751e+00 -1.18623785e+00
 -5.56467844e+00 -5.23004255e-01 -1.00242637e+00 -1.39101183e+00
 -1.81818325e+00  1.85833282e+00  1.19229474e+00  8.68805531e-01
  1.51062432e+00  4.54981283e-01 -2.70725927e-01 -1.86080310e+00
  1.24942733e+00 -6.04381017e-01 -2.07418491e+00  2.88291792e+00
 -2.18533705e+00  1.22340501e+00  6.34567423e-01  1.30199076e+00
  9.39062883e-01  2.37574379e+00 -1.45962957e+00 -1.03869749e+00
  6.71421327e-01 -6.73830974e-01  2.85385002e+00  3.96316578e-01
  1.17260109e-01  2.51608197e+00 -2.87277096e+00  6.42042960e-01
  1.38302499e+00 -3.95183695e-02 -1.98982178e+00 -2.16639225e+00
 -6.99241317e-01 -4.67482506e-01  2.06904860e+00  4.59722704e-01
 -7.23320589e-01 -1.47155398e+00  5.22491952e-01 -1.78774419e+00
  4.84780529e-01 -3.19102681e-01  4.56701924e-01  2.57292216e-01
 -1.32249702e+00 -1.52804904e+00  2.31543425e+00  1.04652898e+00
  1.66329011e+00 -2.58480756e-03 -1.35490595e+00  3.52941007e-01
  2.70579580e+00  3.28711193e+00  1.58366381e+00  1.65288675e-01
  2.74932826e-01  1.79740532e+00 -1.47792510e+00  5.16171814e+00
 -1.06390397e+00 -9.52596649e-02  7.22956741e-01 -3.43005272e-01
  1.00954258e+00  2.92221441e+00 -2.28431534e+00 -7.97534417e-02
 -1.48947808e-01 -4.23375269e-01  6.15047865e+00 -7.98864253e-01
  6.17269488e-02  7.29862575e+00 -3.49661501e-01  1.76415422e+00
 -6.28463843e-01 -1.94055280e+00  1.65029372e-01 -9.09390701e-01
 -1.77241804e+00  7.90231614e-01 -1.57855325e-01 -2.38739316e-01
  2.70850482e-03  2.17336243e-01 -1.25743122e+00  5.43667125e-01
  1.65483929e+00 -1.10907428e-01 -3.56014176e+00 -3.11381125e+00
  4.57184276e-01 -1.94592754e-01  9.34223654e-02 -6.55187040e-01
 -2.64922162e+00 -4.32606683e+00  3.63659672e-01  4.06830997e-01
  1.03741499e+00  1.72601983e-01 -2.46015245e+00 -6.70623618e+00
  9.76213081e-01  1.36915987e+00  1.75820951e+00 -2.23934350e+00
  4.04643605e-01  1.55059918e+00 -8.83458635e-01 -9.46347256e-01
 -1.64383931e+00  6.18811233e-01 -1.60574287e+00  1.56890922e+01
 -4.02738773e-02  7.27055842e-01  3.24028486e+00 -3.08366301e+00
 -7.04391821e+00 -6.23524549e-01  1.07590222e-01 -5.99516108e-01
  4.95934233e-01  2.08862888e+00 -3.60272800e-01]
2022-05-05 16:11:38,058 - pyswarms.single.global_best - INFO - Optimize for 1000 iters with {'c1': 0.5, 'c2': 0.3, 'w': 1}
2022-05-05 16:11:56,707 - pyswarms.single.global_best - INFO - Optimization finished | best cost: 0.1937636035274855, best pos: [ 9.77833829e-01  5.57701313e-01 -1.22625138e+00 -1.14781575e+00
  2.40996807e-02 -2.38235968e-01  6.66888679e-02 -1.65960188e+00
 -1.88441245e+00 -1.21999470e+00  4.29725790e-01  3.42865172e-01
 -5.06950267e-01  2.95394488e-01 -6.40089235e-01  2.66699443e-01
 -4.80153256e-01  1.69534036e-01  7.08743803e-01  3.81403578e-01
 -8.48794323e-02  3.32847055e-01 -2.53419090e+00  4.50178926e-01
 -7.03648259e-01 -1.07279689e+00 -1.41591567e+00 -1.88574826e-01
  4.63203021e-02  6.05000640e-01 -1.06295302e+00 -1.68055153e+00
  8.44763924e-01  1.38672669e-01 -2.80426840e-01  1.74226697e+00
  3.13118365e-01 -2.41995854e-01  6.46721223e-01 -2.59510341e-01
  7.46809988e-02 -1.01444306e+00  3.25345363e-01  5.40909870e-01
 -9.53814658e-01  1.71519242e-01 -3.84423665e-01 -1.52829921e-01
  9.99149549e-01 -5.01066717e-01  3.09476780e-01  1.14686174e+00
  2.33851519e-01  8.65394762e-01  1.27887058e+00 -9.54164953e-01
 -5.21962670e-01  6.80458972e-03 -1.13566310e-01 -1.41508674e+00
 -4.27806731e-01 -6.58717088e-01  5.40758248e-01 -1.01455652e+00
 -3.75619165e-01 -2.77741411e-01 -6.49251884e-01  6.30153490e-01
  1.14079789e-01 -4.30545224e-02  4.43896007e-02  6.10113223e-01
 -2.69589637e-01 -3.92695617e+00 -8.84799290e-01  3.69060394e-04
 -2.02367235e-01  2.84005879e-01 -5.48618567e-01 -2.12351772e-01
 -6.11955895e-01  1.02260328e+00 -4.73038369e-01 -1.08507493e+00
 -1.29996114e+00  3.63008287e-01  5.18397868e-01 -7.33332032e-01
  1.67478390e-01 -6.52475057e-01  3.30426713e-01 -4.36615449e-01
  9.30095407e-01 -5.81721065e-02 -7.89339296e-01  1.42902680e+00
  5.43461160e-01  2.10586467e-01  9.73350634e-01  1.14120358e+00
  5.89691691e-01 -1.93201218e+00 -1.09840784e+00  1.28764905e+00
  2.49467807e-02 -2.13678564e+00 -5.08394769e-02 -2.06140887e-01
  6.75769411e-01  4.99499361e-01  4.78023805e-01  1.59259804e-01
  4.03842836e-02 -1.86843997e-01  8.33690125e-01 -2.74078491e-01
 -7.92084831e-01 -2.41105077e-01 -1.78979012e-02  5.69199681e-01
  4.76761273e-01 -3.30737067e-01 -2.16508486e-01 -2.42501476e-01
  1.84519201e+00  6.10683356e-01 -1.03282365e-01 -1.63866118e-01
 -1.13294527e-01  3.93921310e-01 -1.68125686e+00  1.24377413e+00
 -2.50313731e-01 -7.23157621e-01 -8.71877708e-02  6.87852149e-01
  2.02231644e-01  5.23804949e-02  4.75886784e-01  2.56833147e-01
 -5.56876871e-02 -1.08165694e+00  6.06879438e-01  3.41392923e-01
  1.01155304e+00 -5.78862505e-01 -1.08403181e-01 -3.41532316e-01
 -2.02572275e+00 -6.80580105e-01  6.31970876e-01 -3.12846492e+00
 -3.45161436e-01  7.00323396e-01 -5.93472900e-01  1.36611973e-02
 -7.54513871e-01 -2.07716119e-01  4.08012623e-01 -2.42108521e-01
 -1.36374186e+00 -1.07468932e+00  6.07922915e-01]
2022-05-05 16:12:16,795 - pyswarms.single.global_best - INFO - Optimize for 1000 iters with {'c1': 2, 'c2': 2, 'w': 0.99}
2022-05-05 16:12:35,269 - pyswarms.single.global_best - INFO - Optimization finished | best cost: 0.3180460864847659, best pos: [ -2.030397    -4.06991456   5.43743687  -3.46436372  -3.31688819
   6.82788132   1.88762016  -2.17631242   2.52812726   1.86783333
   3.03349346  -3.75336356   3.94628276  -4.5194381   -7.37644988
   0.72014061   2.46454848   6.62315265   5.73558249   4.93357645
   2.00696794   3.05209177  -1.59679622  11.10471253  -0.41056746
   0.37152888   4.0011491    4.15742583   2.51255898  -0.10650977
  12.16004374   1.6986937  -11.00270467  -3.07619565   0.26285886
  -1.24367465  -0.81692759  -0.79830122  -1.25856785   2.70363948
  -4.90973576  -0.02930952   0.43093526  -2.25061207  -2.92540226
  -0.56443033   1.61153783   1.92562325  -4.08727464   0.64375877
  -3.29222402   0.77941345   2.0552111    2.91937384   6.7958664
   0.58134466   1.74251836  -0.08802655  -7.1104544   -1.06957544
   1.59299199   1.80217863   0.06361352  -0.06783896   1.5494628
  -0.18989515   2.04517624  -2.35501429   1.71882998   0.80299191
  -0.17393258  11.71826089  -0.07807172   2.12953079  -2.06111133
   1.1933081    1.16430972   3.04061444  -0.95303386   1.27206241
   0.34414008   2.33034667  -2.15371813   7.2223945    2.68952759
   1.50266431  -3.18591273   0.43000144  -1.02856291  -3.00131737
   1.18894887   0.38041025   0.53713934   2.24475948   4.17897636
   0.88430165  -1.00664726   2.17095786   2.0439972    1.98517781
   2.89485936   1.19145193 -11.55491707  -5.20914289  -1.45604306
  -0.71650739   0.51563756   4.22036617   2.5181849    0.12856364
   0.35335045  -1.0008604    2.1987771    2.02398476   2.34145034
  -2.10786194  -5.33394204   1.0179684    1.11225374   0.29348031
   0.19392249   2.15520909   3.9818438    2.07019075  -0.34855791
   0.89697743  -4.44518805   0.6588559    2.88163379  -2.40850454
   2.32117605   0.33444913  -0.09422941  -3.63129146  -0.58329308
   0.47271451  -7.14643027  -0.67245945  -2.30763155  -0.71642021
   1.3870371    1.15271814   0.4238246    1.82001878   1.41701517
   1.65610596  -1.2601151    4.15842973   0.06754403   4.92260672
   0.39461689   2.29212096   0.82839769   0.23019246   1.16304202
   2.36722159  -3.0009503   -2.29107356   3.50311803  -2.10998481
   0.15601677   0.23462825  -1.65504845]
2022-05-05 16:15:15,840 - pyswarms.single.global_best - INFO - Optimize for 1000 iters with {'c1': 1.496179765663133, 'c2': 1.496179765663133, 'w': 0.7298437881283576}
2022-05-05 16:15:34,702 - pyswarms.single.global_best - INFO - Optimization finished | best cost: 0.011246688899408046, best pos: [ 2.53871793e-01  7.02371390e-01  5.46294881e-01  4.31488235e-01
 -9.57131365e-02  5.27207038e+00  1.00721088e+00  2.52453745e-01
  1.47290201e-01  6.35303896e+00  7.20355980e+00  1.35827129e+00
  1.07188640e+01  2.33510176e+00 -3.26583275e+00 -1.16573754e+00
  5.29556543e-01  1.93598453e+00  2.07730953e+00  1.37385103e+00
  1.90606649e+00  3.30057803e-01  1.85712299e+00 -7.23585463e-01
  6.29700011e+00  2.07439518e+00 -7.57068033e+00  5.64318569e+00
  1.75804197e+00  2.45490704e+01  1.19765284e+01 -1.06867218e-01
  1.09935263e+01 -6.03254330e-01 -4.28626179e+00  1.90996645e-01
 -1.22713991e+00  2.09582260e+02  2.06902112e-01  2.00759968e+00
  2.91155103e-01 -1.17219259e+00 -1.79578376e+00 -1.46990664e+00
  1.22577985e+01  1.86517177e+00  4.44309962e+00 -7.80274133e+00
 -5.93821709e+00  4.03358122e-01  6.91056061e-01 -3.88443806e+00
  4.56023350e-01  1.32131102e+00 -2.41814014e+01  1.24071282e+00
 -4.35942561e-01  6.77582648e-01  7.50143057e+00 -6.75596116e-01
 -3.08540557e-02 -6.63153471e-01 -1.74618686e-01  5.32429700e+00
  4.92517144e-01  1.55054303e+00 -1.44950091e-01 -3.75434636e+00
  1.00924772e+00 -5.48976567e+00 -2.95280356e+00 -4.51617071e-01
  9.09198837e-01  3.25398163e+00 -2.68504714e-01  1.01376087e+00
  1.06094440e+01  3.18788690e+00  1.23937751e+01 -6.69802548e+00
  8.71976115e-01  8.10714607e-01  1.71662159e+00 -2.81272305e+00
  7.95686058e+00  6.70443818e+00 -2.79768930e+00  2.70555546e-01
  1.37950160e+00  1.61292023e+00  7.83458672e+00  1.38408903e+01
 -1.82033938e-01  1.99783150e+00  1.16851843e+01  5.14606145e-01
 -4.74590365e+00  7.02350000e-01  2.89198375e-01 -5.75766058e-01
  1.00694563e+01 -7.01970733e-01  1.49685099e-01 -1.45793732e+00
  5.99854839e-02 -2.62977818e+01  6.58739646e-01  1.94095190e+00
 -1.39993580e+00 -8.40564287e-01 -7.09138971e+00  3.01309424e+00
  3.02917212e+00  8.74184022e-01  1.06474803e+00  1.43392384e+00
 -9.19541090e-01 -2.14547330e+00 -1.63052682e+00 -5.27246747e+00
  1.69015822e+00  5.39656887e+00 -3.90306281e-01 -1.15468126e-01
 -2.26271136e+00 -1.90237957e+00  2.50099153e+00  4.65405024e-01
 -1.53186338e+00  1.10530308e+00  1.46506819e-01  7.90264013e-01
 -7.02792746e-02  2.89845889e+00  1.63579663e+00  1.05841126e-01
 -1.80866706e-01  1.17193140e+00  2.18940210e+00 -1.76228095e+01
  7.61303364e-01  3.04203851e+00  8.46741497e+00  1.50217282e+00
  1.46342594e+00 -3.59435402e+00 -1.75362281e-01 -3.76690915e-01
 -1.88576098e-01  1.54059808e+01  9.92450960e+00  1.21943036e+00
  2.59553587e+00  2.87534040e-01  1.87283141e+00 -3.02943264e+00
 -7.01438385e-01  8.27594298e-01 -3.50229166e+00  3.10761058e+00
  1.03152130e+01  6.13950657e-01 -5.81324440e+00]
2022-05-05 16:17:28,674 - pyswarms.single.global_best - INFO - Optimize for 1000 iters with {'c1': nan, 'c2': nan, 'w': nan}
2022-05-05 16:17:43,955 - pyswarms.single.global_best - INFO - Optimization finished | best cost: 1.104389996339382, best pos: [0.34812852 0.13687653 0.36265622 0.47097011 0.94468689 0.96476475
 0.97073117 0.35667328 0.99086354 0.78182519 0.1188459  0.63191232
 0.6034401  0.46553394 0.3373946  0.38972675 0.15708223 0.56426665
 0.60866919 0.99895206 0.03311248 0.55117899 0.89923307 0.38375389
 0.12491439 0.60255548 0.77273789 0.52004199 0.07979564 0.31385568
 0.26740502 0.86016681 0.84998255 0.68552234 0.92876064 0.82270668
 0.76888179 0.32796741 0.64748883 0.03380656 0.26888305 0.0165703
 0.09651993 0.98886046 0.44630086 0.58844972 0.56435024 0.64506011
 0.59199769 0.92384622 0.22798925 0.0946886  0.05581503 0.71372874
 0.57676933 0.41138503 0.85699278 0.54294566 0.4732583  0.27222322
 0.42512132 0.35420743 0.81819361 0.1433942  0.50878652 0.03439979
 0.75884706 0.35446579 0.87675656 0.44264575 0.17551196 0.34585744
 0.81760238 0.64807921 0.85798989 0.38237449 0.10881663 0.67333829
 0.9702788  0.92989297 0.03098254 0.49888639 0.62987836 0.355265
 0.88099667 0.33658179 0.65442183 0.56205411 0.6540922  0.38794008
 0.46514223 0.20695651 0.7265282  0.49598167 0.60066655 0.6701729
 0.83887929 0.24523753 0.79058258 0.78329846 0.20434536 0.55566761
 0.59559991 0.00555514 0.89567133 0.48900525 0.15450774 0.25830232
 0.12253888 0.09005322 0.4573484  0.35667792 0.51292941 0.43319389
 0.78049268 0.62447963 0.90239503 0.77019529 0.35440479 0.36604851
 0.62760933 0.57114642 0.79367802 0.66172462 0.57441812 0.74005281
 0.09672866 0.75825244 0.50648044 0.10603823 0.38287226 0.44936384
 0.7626864  0.95491343 0.18769568 0.05095788 0.50831475 0.37570667
 0.41643799 0.20982343 0.11903507 0.87690748 0.95360189 0.69386037
 0.99384146 0.95961784 0.36664148 0.41716742 0.50244833 0.85407322
 0.43868054 0.76454298 0.03089293 0.54534149 0.03986453 0.37142197
 0.32151048 0.05738784 0.13939305 0.38448209 0.56445112 0.39421628
 0.25472481]
2022-05-05 16:17:51,608 - pyswarms.single.global_best - INFO - Optimize for 1000 iters with {'c1': nan, 'c2': nan, 'w': nan}
2022-05-05 16:18:06,775 - pyswarms.single.global_best - INFO - Optimization finished | best cost: 1.103444487064514, best pos: [0.42989999 0.99732244 0.48847051 0.87820555 0.6729629  0.46614762
 0.47483709 0.44735413 0.67008184 0.63878236 0.36554335 0.18629796
 0.82084126 0.87672335 0.33950889 0.58107523 0.00984013 0.98205268
 0.1331284  0.18346152 0.52837328 0.74792363 0.62048658 0.17994237
 0.19021686 0.94078627 0.60639667 0.3511386  0.51776887 0.66139037
 0.3819615  0.12655088 0.4182435  0.1130306  0.72537621 0.4871394
 0.42980161 0.92418534 0.88820341 0.97186291 0.74531975 0.49492637
 0.35479503 0.66739546 0.90627748 0.11064295 0.76964233 0.47356407
 0.58679066 0.18327608 0.49325973 0.88601594 0.02191071 0.22374154
 0.04280641 0.38584665 0.41005505 0.14069367 0.22222016 0.71607471
 0.19656237 0.89463216 0.05351072 0.47018437 0.50895713 0.88162839
 0.90318708 0.17940661 0.65119438 0.7701289  0.7366287  0.70712328
 0.72912069 0.30361736 0.56532204 0.19743075 0.56524938 0.21096919
 0.6935491  0.58464864 0.76123564 0.29928621 0.47517213 0.76913033
 0.42973491 0.61213575 0.10600993 0.33615291 0.80953068 0.15553522
 0.22018665 0.01704899 0.83889707 0.59423625 0.15546826 0.83260964
 0.50558615 0.78200396 0.64674325 0.37110354 0.3186579  0.98675008
 0.08659182 0.58127888 0.93063374 0.87679282 0.58634916 0.0466087
 0.39277892 0.60645319 0.35536931 0.12127995 0.48464384 0.2604623
 0.87917402 0.26141875 0.80107407 0.44527494 0.77285767 0.67012076
 0.2222624  0.15675816 0.92970252 0.80970075 0.87918127 0.6043391
 0.54133527 0.30867013 0.56687228 0.58263371 0.3791392  0.01060601
 0.46072715 0.92020959 0.00889049 0.39196081 0.70529657 0.5008914
 0.47292961 0.58387393 0.7345434  0.22576493 0.64920958 0.40983627
 0.2469345  0.70298019 0.06650729 0.8848733  0.25627194 0.14815433
 0.47658345 0.03053441 0.98063335 0.45188637 0.30911081 0.11384843
 0.79278649 0.21793325 0.75109119 0.75095325 0.48096912 0.2582652
 0.22840759]
2022-05-05 16:18:09,882 - pyswarms.single.global_best - INFO - Optimize for 1000 iters with {'c1': 0.5414887111472316, 'c2': 1.0565633388238667, 'w': 0.26414083470596667}
2022-05-05 16:18:30,015 - pyswarms.single.global_best - INFO - Optimization finished | best cost: 0.9962972529283914, best pos: [ 0.57228156  0.3801088   0.72813971  0.89786524  0.35540578  0.90587943
  0.26894585  0.96933413  0.85633196  0.8019191   0.87691195  0.10808728
  0.28236843  0.58958198  0.34656082  0.33622409  0.81440686  0.28249174
 -0.1876493   0.19847104  0.79045658  1.12984877  0.56143955  0.89780605
  0.52318019  0.51735859  0.10766396  0.93885422  0.19749909 -0.10853387
  0.09570552  0.94492774  0.49553195  0.62847249  0.58732112  1.03212878
  0.20366517  0.20844634  0.06034441  0.47194411  0.4088719   0.98614433
  0.73512079  0.64607551  0.13467837  0.84669059  0.86700584  0.53701391
  0.74743176  0.60237525  0.44852521  0.07941434  0.99429888  0.45409632
  0.11198213  1.02766917  0.37368684  0.68242212  0.14459847  1.01808191
  0.74444722  0.78276245  0.47941908  0.49461745  0.95217467  0.94212059
  0.40251703  0.89721202  0.44799568  0.94398278  0.85932054 -0.14119438
  0.60261853  0.50938019  0.95624945  0.13323803  0.22548726  0.9332135
  0.60295238  0.70992621  0.1967119   0.27601571  0.53315135  0.98815283
  0.83957486  0.9259512   0.83560939  0.66444598  0.59557345  0.52928794
  0.6934991   0.54100097  0.92551825  0.25404342  0.26086459  0.51234001
  0.92473752  0.1186629   0.17877772  0.59653579  0.71092553  0.79797786
  0.55503543  0.90347039  1.21818311  0.55469612  0.4403925   0.42290328
  0.34528543  0.72321888  0.46638388  0.93984377  0.08013589  0.67570436
  0.48463229  0.51516624  0.93889449  0.61639853  0.85087643  0.56685964
  0.97489044  1.05237307  0.29737237 -0.06010221 -0.08591191  0.37364264
  0.68411631  0.53186744  0.71830051  0.97920935  0.53565594  0.92467387
  0.56360672  0.7231916   0.61671551  0.47240132  0.26905487  0.56663864
  0.14871489  0.8660216   0.43384219  0.97551358  0.29085966  0.13491173
  0.7109591   1.05814467  0.26136166  0.0670306   0.47920788  0.33512797
  0.94558503  0.7625684   0.12746551  0.85074506  0.32028789  1.14002909
  0.80574678  0.6043575   1.14562198  0.17294511  0.39255269  0.34091408
  0.48418407]
2022-05-05 16:18:30,180 - pyswarms.single.global_best - INFO - Optimize for 1000 iters with {'c1': 0.5339163155244776, 'c2': 1.0548102818898215, 'w': 0.260446983182672}
2022-05-05 16:18:50,009 - pyswarms.single.global_best - INFO - Optimization finished | best cost: 0.7472031474862035, best pos: [ 0.99586629  0.13230891  0.49668131  0.88163518  0.47240072  0.71898214
  0.98606394  0.64596392  0.99133602  0.38804562  0.67021831  0.48127933
  1.30866637  0.85995224  0.38862729  0.348173    0.8920997   0.4239573
 -0.44931081  0.51250088  0.65702588  0.8174099   0.23489038  0.69418139
  0.66669056  0.82970431  1.06089951  0.12975507  0.81811997  0.23917227
  0.55889689  0.04937647  0.10138483  0.91017993 -0.03161957 -0.17850337
  0.58802078  0.83320951 -0.09439112  0.62275918  0.71264081  0.41659381
  0.66853088  0.38147778  0.83536524  0.88123105  1.01194673  0.70215703
  0.2871674   1.24932514  0.29541871  1.32358757  1.11997317  0.92412343
  0.55274587  0.97105207  1.35621458  0.82474908  0.83471067  0.77074128
  0.56980065  0.45117831  0.7682705   1.19930427  0.6534605   0.49052708
  1.06208561  0.23722101  0.98452364  0.31298029  0.47115341  0.97756078
  0.61381437 -0.01908727  0.66721353  1.20858442  0.27659959  0.85692235
  0.19746854  0.96709759  0.92334964 -0.09840144  0.7921286   0.55638388
  0.91247873  0.74263672  0.60061534  0.89577382  1.07402417  0.76026649
  0.19009313  1.22566156  0.1245227   0.16071991  0.48552852  0.56311043
  0.2850622   0.09757836 -0.32370104 -0.04187455  0.73082134  0.26899805
  0.45796212  0.0844679   0.06420399  1.25221389  0.53344191  0.64311619
  0.53286365  0.81958184  0.0978557   0.41900904  0.48861007  0.2233943
  1.13651967  0.24765351  0.7530185   0.43368977  1.0165082   0.94682341
  0.72450279 -0.08707423  0.15217606 -0.0527593   0.87250978  0.23770716
  0.05776828  0.41787674  0.59534252  0.16342202  0.89409586  0.05938821
  0.49455024  0.44339423  0.39677008  1.02933215  0.63461647  0.92371402
  0.31323672  0.6097195   1.00479262  0.96438789  0.07584632  0.93176777
  0.05174815  0.32201563  0.01983151  0.05804381  1.00956812  0.87543421
  1.16338154  0.3295461   0.26875992  0.11911402 -0.0970594   0.72875977
  1.4070638   0.80683223  1.04378313  0.07841213  0.21617551  0.96433527
  0.79720221]
2022-05-05 16:18:50,174 - pyswarms.single.global_best - INFO - Optimize for 1000 iters with {'c1': 0.5339163155244776, 'c2': 1.0548102818898215, 'w': 0.260446983182672}
2022-05-05 16:19:10,663 - pyswarms.single.global_best - INFO - Optimization finished | best cost: 1.0321136919840084, best pos: [ 0.26825298  0.87017724  0.57950781  1.0146508   0.4925243   0.71517051
  0.61575073 -0.25322224  0.15922316  0.82236434  0.49576267  0.48636078
  0.88606445  0.5368853   0.98644862  0.60288496  1.06915631  0.60461939
  0.73979646  0.50000576  1.03891769  0.94226589  0.64978867  0.79039221
  0.754464    0.34343472  0.3963423  -0.00606235  0.40093683  0.97836962
  0.68346234  0.93028803  0.56507284  1.07789245  0.26566739  0.70527596
  0.93747651  0.68637279  0.85400607  0.39626202  0.30534796  0.283456
  1.06428053  0.83246283  0.43766628  0.81729341  0.88437434  0.12941232
  0.75877761  0.27096157  0.88632748  0.86514386  1.14499928  0.55670144
  0.66863208  0.70079097  0.6327055   0.59056075  0.34316146  0.15009162
  1.06386387  0.79965876  0.29011856  0.47525631  0.88059277  0.77727915
  0.18462272  0.62861237  1.08204021  1.19203376  0.90712142  0.44423229
  1.09875211  0.94614613  0.31706677  0.86153416  0.97357927  0.90378873
  0.9063425   0.66084168  1.05411967  0.26274239  0.87250081  0.31612484
  0.91669282  0.45192653  0.12300893  0.67131215  0.61461485  0.80543124
  0.26473043  0.57605208  0.77297124  0.58258387  0.17014945  0.57022203
  0.40667807  0.43084216  0.33686401  0.72843109  0.78940521  0.45477682
  0.62004285  0.5039736   0.79812377  0.39827746  0.89458607  0.58178413
  0.88773851  0.19545812  0.46912152  0.9375583   0.72017354  0.92495865
  0.46608051  0.55757802  0.32124099  0.36069423  0.72871237  0.81922932
  0.35143229  0.73449159  1.0349271   1.12214573  0.31556202  0.34071743
  0.53368389  0.65814668  0.25454065  0.10384803  0.36470461  0.7241581
  0.38454815  0.41044346  0.5306667   0.41403585  0.30217571  0.7659281
  0.79457604  1.04803972  1.17514015  1.09634916  1.07512203  0.72948036
  0.48648528  0.34286318  0.17043784  0.55853295  0.5469276   0.56459637
  1.06541911  0.63806289  0.61127899  0.45899357  0.39494978  0.22371164
  0.32876503  0.56297752  0.76941035  0.64091221  0.80439467  0.43069775
  0.7092443 ]
2022-05-05 16:19:33,576 - pyswarms.single.global_best - INFO - Optimize for 1000 iters with {'c1': 0.9621421081017948, 'c2': 1.196810914955891, 'w': 0.4693376137081926}
2022-05-05 16:19:53,938 - pyswarms.single.global_best - INFO - Optimization finished | best cost: 0.3154054531255063, best pos: [ 1.12644889  0.85865003  0.85702406 -0.10899487  0.73549729  0.2114771
  0.93661885  1.35778004  0.97840835  0.38447362  1.0683837   1.1601386
  0.654754    0.91088868  1.10811467  0.65464256  0.46171536  0.41449283
  0.99610992 -0.46555548  0.43590385  0.55539414  0.11099723 -0.03803266
  1.98967704  1.4135965   0.40317015  0.66558691  0.60077653  0.75172717
  0.85819743  0.9326126   0.43070898  1.46877404  1.18230588  0.4706089
  1.40046415  1.26825898  0.86922733 -0.79239772  0.87010469  0.55061492
  0.52169285 -0.14233564  0.39649145  1.15961437  0.79261077  1.02208412
  0.41906969  0.42252379  0.40940367  0.65818299  0.73529388  1.06423508
  0.72560814  0.88416044  0.82531544  0.50018121  0.87241513  0.6006541
  0.64296048  0.61560034  0.52301559  0.70270084  0.40926823  0.45907912
  0.73666655  0.4855347   1.72877475  0.96417478  1.00170739  0.86255877
  1.63743925  0.14148799  1.67227639  0.81308224  0.96388466  0.89185779
  0.46305588  1.62969867  0.64102875  1.54924003 -1.45102183  0.8081695
  0.6509051   0.03800203  0.62769471  0.92294679  0.52524209  0.13402094
  0.75192892  0.62021453  0.47548533  0.83718085  1.12505853  0.65798712
  0.73948066  1.35878287  0.44485423  0.70587458  1.09250933  0.47189509
  1.02613181  0.72505089  1.19712924  0.8056316   0.94218598  1.38118867
  0.25244934  0.51999605  0.7115248   1.10523119  1.01255301  0.52042112
  0.26532226  0.3770166   0.7590658   1.06374499  0.81113619  0.84734126
  0.54741668  0.18134834  1.11553556  1.55071842  0.90400162  0.37338029
  1.29406495  0.88272314  0.83324133  0.27434218  0.69909105  1.47700511
  0.49825625  0.96165331  0.83032159  0.67054383  0.97657309  0.58444552
  0.6628874   1.68123001  0.95694872  1.38846967  0.86605737  0.96555891
  0.36403578  0.84443124  0.61679456  0.95091338  0.82164124  1.15541162
  1.26848199  0.72489439  0.65664919  0.99117151  0.07984284  0.99079678
  0.8341417  -2.78660427  1.47317086  4.44717783  0.87096086  0.94453352
  0.24552126]
2022-05-05 16:19:58,710 - pyswarms.single.global_best - INFO - Optimize for 1000 iters with {'c1': 1.496179765663133, 'c2': 1.496179765663133, 'w': 0.7298437881283576}
2022-05-05 16:20:19,174 - pyswarms.single.global_best - INFO - Optimization finished | best cost: 0.005200894442057138, best pos: [-1.59200995e+00 -1.90389986e+01  1.07868954e+00 -1.42480115e+00
 -1.06871835e+01  2.32519874e-01  4.10101975e-01 -7.58826309e-01
  8.06554342e-02  6.52647371e-01  4.97036114e-01  2.91752648e-01
 -4.09623982e+00  1.28385340e+00  5.03898377e-01  5.68948312e-01
  5.24661461e-01  4.56214036e-01  9.12205624e-01  8.17485269e-03
  2.62889765e-01  2.80202013e-01 -1.77699266e+00  1.72352737e-01
  1.16747020e+00 -1.90104005e+00  6.45751053e-01 -6.06354875e-01
  2.38409026e+00 -5.70156011e+00 -2.68159348e+00  1.13458282e-01
  4.21054439e-01 -2.28171164e-02 -9.32772283e-01  2.08160078e+00
 -3.10039925e+00  2.24312851e-01 -4.30394464e-01 -2.90073615e-02
  1.58621899e+00 -6.98787612e-01 -1.31945385e-01  2.48080524e-01
  9.18835575e-01  1.22969016e+00 -1.14688253e+00 -1.88377498e-01
  2.72839537e+00  2.79288853e+00 -7.69121934e+00  7.59690437e-01
 -1.13193220e-01  7.49267563e+00  4.05242470e-01 -2.68570416e-02
  1.21559746e+00  6.60878380e-01  3.10502552e+00  7.88163277e-01
  1.24832995e+00 -3.19595633e+00 -1.02893668e+00  3.02251942e+00
  4.12080841e-01  1.94845132e+00  7.61497260e-01 -9.68590561e-03
  5.53067938e-01 -2.77497592e+00  2.42983549e+01 -2.92017287e+00
 -6.58294483e-01 -3.33604822e-01  9.26052876e-01 -5.30614993e+00
  8.33650763e-01  1.04874814e+00 -2.47357248e+00  1.97198622e+00
 -1.07477292e-01  2.76810019e-01  3.24287286e+00  2.58422247e+00
 -5.61203153e-01  1.70762980e+00 -1.06688255e-01  7.09682234e+00
  1.16182534e-01 -6.24646837e-01  7.26814644e-01 -1.54887259e+00
  1.27216951e+00  1.20921237e-01  8.65274920e-01  5.77539401e-01
 -3.80121509e-01  4.12377690e+00  6.15799914e+00 -2.83757684e+00
  1.11016442e+00  8.39407360e-01  9.88114734e+00  6.93290655e-01
 -7.92277719e-02  6.70504090e-01  2.38912004e+00  5.85043985e-01
 -5.93726162e-01 -9.14253063e+00  5.85264835e+00 -1.02998675e-01
 -3.37602801e+00  1.20870554e+00 -3.04191196e+00 -1.31057803e+01
  2.17896910e+00  1.45676891e+00 -4.18722302e-01  7.24881780e+00
  6.68970669e-02 -5.71202780e-01  1.21454731e+00 -1.17559721e+01
  4.12721143e+00  1.29397099e+00 -1.24358438e+00  6.42095833e-01
 -2.43816518e+00  1.10945158e+00  1.34804602e+00 -4.14841154e+00
  1.30045989e+00 -1.72177665e+00  4.21557076e-03  1.18739428e+00
  1.38547733e-01  1.19543013e+00 -3.47403721e-01 -1.37047494e+00
 -1.30882755e+00  1.28611108e+00  4.64919070e-01  1.09331731e+00
  2.37962847e-01  2.60390311e+00  7.59654607e+00 -3.01408318e-02
 -1.94144631e+01 -3.52507465e+00  4.73189164e+00  9.39987727e+00
  7.70886006e-01  1.99511013e-01  8.08848515e-01  5.89141262e-01
  3.92488013e+00 -9.81139279e+00  7.65251147e+00 -1.33380553e+00
  3.90986872e-01  3.38712974e-01  1.21725908e+00]
2022-05-05 16:20:37,849 - pyswarms.single.global_best - INFO - Optimize for 1000 iters with {'c1': 1.4812179680065016, 'c2': 1.4812179680065016, 'w': 0.722545350247074}
2022-05-05 16:20:56,707 - pyswarms.single.global_best - INFO - Optimization finished | best cost: 0.00046421808288961614, best pos: [ 1.89775043e+00  3.21276277e-02 -1.52307809e+00  6.68680245e-01
  5.89381598e+00  9.62774445e-01  8.52941500e-01 -1.26251778e+00
 -9.95396015e+00  4.76721903e-01  1.98205344e+01  1.00110093e+00
  3.67158605e+00  1.23526506e+00  4.07793936e-01  7.37799348e-01
 -2.85950984e+00 -6.79449386e-01  1.07923344e+00 -3.98560714e+00
  1.06663011e+01  2.06784407e+00 -3.03442582e-01  1.12801888e+00
  2.84691541e+00  2.41137255e+00 -8.60787050e-01  1.97657438e+01
 -7.24909371e+00  7.94049067e-01  3.59972553e-01 -7.90478152e+00
  4.30128089e+00  6.34634318e-02 -1.40555176e+00 -5.53167203e+00
 -1.43491358e+00  2.41096386e+00  6.48648332e-01  2.81003454e+00
  3.50708728e+00  6.80537502e-01  1.02091623e+00 -1.63195341e+00
  1.66064530e+00 -2.98065605e-01  4.07561349e+00  6.66004215e-01
 -2.84142485e+00  7.91259507e-01 -1.10984306e+00  2.64356907e+00
  1.43772058e+01  4.52518120e-01 -7.23433025e+00 -1.54769435e+00
  9.35348910e-01  4.65014721e-01 -1.97716511e+00  1.69911099e+00
 -2.36749616e+01  3.42333806e-01  1.00562458e+00 -2.27226224e+00
  5.19386130e-01 -6.78017553e+00 -2.18753855e-02  2.35787540e+01
  8.62355037e-01  6.92082821e-01  3.15955044e-01  1.03734544e+00
  3.85098524e+00 -2.68014147e+00  2.99001686e+01  3.56415557e+00
  1.12205897e+01  2.27758653e+00 -1.70090655e+00 -2.80891137e+00
 -1.78292222e+00 -8.66936034e+00  9.30165701e-01  3.92523530e+00
 -1.55284233e-02  6.45614400e-01 -2.39194722e+01  1.01944975e+00
 -3.38311069e-02  9.69147993e-01 -6.29035336e-01  1.58570695e-01
  7.14451123e-01 -1.88308595e+00 -7.61832886e+00  1.25723310e+01
 -3.99938696e-01  1.35122364e+00  6.91997558e-02  6.50686621e-02
  7.51969767e-01 -1.75805310e-01  1.22487576e+00 -4.89328231e+00
 -5.29616511e+00  1.80625557e+00  2.91666207e-01  6.55009154e+00
 -1.17155171e-01  3.55331051e-01  6.40695301e+00 -1.25752248e+00
  6.01552536e-01  1.83772422e+00  7.32226629e+00 -2.16604379e-01
  3.31287897e+00 -3.08242278e+01 -4.29703183e-01 -4.69992733e+00
  5.25150634e+00  6.72022549e-01 -1.96762340e+00  7.54925622e-01
  1.99127875e+00  5.74727047e-01  9.17958214e-01  1.80330330e+00
 -6.84605918e-01  7.41413053e-01 -1.22665816e+01 -3.28676117e+00
 -2.96732582e+00  1.63459242e+00  1.93001269e+00  1.42222177e+00
 -1.45076179e+00  1.27645816e+00  1.18096755e+00  3.44246465e+00
  1.30667212e+00  3.44559242e+00  6.97160613e+00  7.59387790e-01
 -2.81049523e-01 -2.05939508e+01  1.95158959e+00  1.65507558e-02
  8.14821847e-01  1.10640119e+01 -2.21302912e+00  7.97857902e-01
 -1.71867238e-02 -1.82251116e+00  1.70102719e+02 -1.23079912e-01
 -1.39214707e+00  1.15869283e-01  9.41427861e-01  1.48711785e+00
  7.27276955e+00  1.89214268e+00  8.80330017e-01]
2022-05-05 16:24:13,293 - pyswarms.single.global_best - INFO - Optimize for 1000 iters with {'c1': 0.5, 'c2': 0.3, 'w': 0.9}
2022-05-05 16:24:33,020 - pyswarms.single.global_best - INFO - Optimization finished | best cost: 0.020420098334815538, best pos: [ 1.25763708e+00 -6.83148402e-01 -7.26064246e-01  1.44751287e+00
  1.03306056e+00  9.23417283e-01 -5.70858818e-01 -5.92156152e-01
  3.86875254e-01  2.37577657e-01  6.32400399e-01 -2.01101680e+00
  1.10585971e+00  2.39689172e+00  2.39016009e+00  6.65717792e+00
  3.84759966e-01 -9.73836031e-01  3.64912077e+00  1.01368528e+00
  4.48515245e-01 -1.74193236e+00 -5.95614667e-01 -1.18597434e-01
  4.90324890e-01  2.72092074e+00  8.43637659e-01 -9.80680228e-01
 -1.54333108e+01  1.17272298e+00  3.20003737e+00 -2.97946696e-01
  1.35581604e+00  1.21103159e+00 -2.22840644e+00 -8.15288710e-02
 -1.50020374e+00  1.98359392e+00  2.59176738e+00 -2.69789813e-02
  6.14540725e-01  2.95894706e+00  2.59861806e-01  2.59916790e+00
  5.26721745e-01 -3.00797992e-01  1.23705638e+00  1.55827587e+00
  9.84756887e+00  5.84999999e-02  1.04370317e+00  2.06454971e+00
 -3.60104974e-01 -2.15025572e+00 -1.84839643e+00  3.25629723e-01
 -5.01710660e-01 -2.83880578e-01  2.50594233e+00  3.88361388e+00
  4.22537507e-01  1.32879079e-01  3.19034787e+00  2.52319210e+00
  4.05880691e-01  2.47232483e+00  2.02847845e-01  9.20844739e-01
  3.09334017e-01 -8.01666328e-01  1.63051729e-01  3.04582622e+00
 -3.29094211e-01 -2.98041081e+00 -1.40327083e-01  1.61335921e-01
 -1.15028519e+01  6.02989247e-01 -4.15116489e-02 -1.85918225e+00
 -3.80109250e-01  3.09062631e-02 -1.53803991e-02 -6.82521401e-01
  1.69328468e+00 -1.43211883e-01 -8.82820383e-01 -2.35935906e+00
 -2.08828742e+00  1.38254552e+00  1.74307991e+00 -6.04044967e-01
  9.41150437e-01 -1.43721610e-01 -1.82435671e-01  9.14759719e-01
  2.47197843e+01  1.47139366e+00  1.10137116e+00 -1.57471255e+00
  1.10154994e+00  1.83247661e+00 -6.79926700e-01 -5.88504335e+00
  1.97322478e+00  1.45705766e+00 -2.15490871e-01  6.14362815e-01
 -6.22159054e-01  7.29777675e-01  1.32323974e+00  2.35415874e-01
  2.47357075e+00  6.18508935e-01 -1.56782024e+00  8.71887873e-01
  5.37338567e-01  8.85963393e-01  1.04148074e+00  6.66725943e-01
 -2.81669220e+00  2.29804791e-01  6.34415904e-01  3.16310471e+00
  1.03686400e+00  1.47091952e+00  6.35157717e+00 -1.48010235e+00
 -4.49622827e-01  1.41230611e+00 -2.84424120e-01  1.56592395e+00
  2.79207213e+00  7.21806073e-01 -9.29604118e-01  3.60595227e+00
  2.06557011e+00 -1.31414776e+00 -5.84860132e-01  1.00542972e+00
  3.80523476e+00  3.31353934e-01  1.27883517e+00  9.78604135e-01
  5.08219097e-01 -4.52324992e-01 -3.06756566e-01 -1.59457050e+00
  2.65371354e+00  4.79564148e+00  4.41666231e-01 -1.32748152e+00
  1.62279524e+00 -8.45742163e-01  1.78229512e+00  8.29871919e-01
  1.33423560e+00  9.46967604e-01 -2.32755834e+00  2.70257973e-01
  1.20975581e+00  2.36367179e-01  2.02860822e+00]
2022-05-05 16:24:47,259 - pyswarms.single.global_best - INFO - Optimize for 1000 iters with {'c1': 1.3465617890968198, 'c2': 1.3465617890968198, 'w': 0.6568594093155219}
2022-05-05 16:25:06,596 - pyswarms.single.global_best - INFO - Optimization finished | best cost: 9.181355288612518e-06, best pos: [-8.76651694e-02  8.09388523e-01 -4.07902049e-01  1.59429497e+00
 -1.01556566e+00 -5.15788010e-01 -4.52734455e-02  3.46425589e+00
 -2.74210233e-01 -1.39271107e+00  3.02745419e+00  6.27815580e-01
  7.89852228e-01 -2.74413640e-01  1.29346991e+00 -6.77204426e-01
  1.67377103e+01  1.71314116e+00  1.53600293e+00  1.97312329e+00
  8.72072162e-01  2.58501688e-01  3.40776800e-01  1.33485917e+00
  1.59860606e+00 -1.41068659e-01 -1.50144018e+00  2.49284853e+00
 -1.27774837e+00  1.69622346e+00  6.12890037e-01  3.03174750e-01
  3.86105022e+00  1.55348159e+00  1.14212968e+00  1.29296979e+00
 -1.18528063e-02 -5.27297549e-01 -3.17385399e+00  9.92404468e-01
 -1.36157662e+00  1.65372581e+00  6.21504192e+00  2.95517666e+00
  6.24115288e-01  1.21514375e+00  1.41684779e+00  1.10968556e+00
 -8.41554501e-01  9.41772289e-01  2.47380959e+00  3.11503747e-01
  1.37680826e-01  1.24054224e-01 -4.17308874e+00  9.13191171e-02
  1.53566507e+00  1.48708997e+00  1.19275750e-01 -3.62753348e+00
  4.74515493e-01  1.42425664e+00  1.02257580e+00 -2.83253933e-01
  8.36735957e-01  9.82653443e-01  2.61320264e+00  1.78543703e+00
  5.37765677e-01  2.24806823e+00 -8.84720865e-01  8.18408991e-01
 -8.96285546e+00  3.97888707e-01  1.09084601e+00 -2.81844313e+00
  4.83396956e+00  4.51701545e+00  1.45205630e+00  1.17006721e+00
  1.51584259e+00 -1.63780321e+01  2.18400845e-01  1.83027814e+00
  2.88775276e+00 -1.39461367e+00 -3.58519425e-02  5.49485799e+00
  1.87545974e-01  4.99584726e-01 -3.64886746e-02 -6.87301459e+00
 -1.37241968e-01  2.65096122e-01  1.32750940e+00  4.34476069e+00
 -2.67916296e-01  7.21657169e-01 -7.80518153e-01 -3.42628278e-01
  1.56757769e+00  8.14843441e-01  1.51805314e+00  1.24332115e+00
  1.46555071e-01  4.38285156e+01 -1.07184663e+00 -1.42224800e+01
  6.81535770e-01 -1.78578984e-02  6.33016435e-01  3.34213527e-01
  1.73837502e-01  3.23792479e-01  5.91841456e+00 -2.95400802e-01
 -9.69160895e-01  5.67115512e+00 -8.08829788e+00  6.60103358e-01
  1.37769639e+00 -6.63582908e+00 -1.54372691e+00  1.30380593e+00
  1.76745050e+00  1.42993337e+00 -9.04424035e-01 -6.63999836e-01
 -1.11586372e-01  9.32549015e-01 -9.31148683e-02 -4.80740502e-01
  1.07157296e+00 -4.55267856e-01  5.61738245e+00  1.29522482e+02
 -1.52127333e-02  1.34762421e+01 -1.48056892e+02  2.65116611e+00
  1.21829344e+00 -9.63204638e-01  3.95087835e+00  8.88877433e-01
 -8.37934381e+00  9.79390555e-01  8.70020482e-01  9.44606228e+01
  1.47359678e+00  5.12763421e-01  2.97379972e+00  2.44707078e-01
 -1.59126342e+00  1.30085046e-01  1.87315944e+00  2.17264547e+00
  1.66165328e+00  1.15502540e+00  2.20559845e+00 -5.33929488e+01
  1.32237842e+00  1.54144837e+00 -1.85107380e+00]
